Searching for include files...
Searching for example files...
Searching for images...
Searching for dot files...
Searching for msc files...
Searching for dia files...
Searching for files to exclude
Searching INPUT for files to process...
Searching for files in directory /home/user/lab-osek/OSEK-GroupProject/erika/inc
Reading and parsing tag files
Parsing files
Preprocessing /home/user/lab-osek/OSEK-GroupProject/erika/inc/ee.h...
Parsing file /home/user/lab-osek/OSEK-GroupProject/erika/inc/ee.h...
Preprocessing /home/user/lab-osek/OSEK-GroupProject/erika/inc/ee_api.h...
Parsing file /home/user/lab-osek/OSEK-GroupProject/erika/inc/ee_api.h...
Preprocessing /home/user/lab-osek/OSEK-GroupProject/erika/inc/ee_api_types.h...
Parsing file /home/user/lab-osek/OSEK-GroupProject/erika/inc/ee_api_types.h...
Preprocessing /home/user/lab-osek/OSEK-GroupProject/erika/inc/ee_arch_compiler_gcc.h...
Parsing file /home/user/lab-osek/OSEK-GroupProject/erika/inc/ee_arch_compiler_gcc.h...
Preprocessing /home/user/lab-osek/OSEK-GroupProject/erika/inc/ee_avr8_compiler.h...
Parsing file /home/user/lab-osek/OSEK-GroupProject/erika/inc/ee_avr8_compiler.h...
Preprocessing /home/user/lab-osek/OSEK-GroupProject/erika/inc/ee_avr8_irq.h...
Parsing file /home/user/lab-osek/OSEK-GroupProject/erika/inc/ee_avr8_irq.h...
Preprocessing /home/user/lab-osek/OSEK-GroupProject/erika/inc/ee_avr8_irqstub.h...
Parsing file /home/user/lab-osek/OSEK-GroupProject/erika/inc/ee_avr8_irqstub.h...
Preprocessing /home/user/lab-osek/OSEK-GroupProject/erika/inc/ee_avr8_utils.h...
Parsing file /home/user/lab-osek/OSEK-GroupProject/erika/inc/ee_avr8_utils.h...
Preprocessing /home/user/lab-osek/OSEK-GroupProject/erika/inc/ee_cfg.h...
Parsing file /home/user/lab-osek/OSEK-GroupProject/erika/inc/ee_cfg.h...
Preprocessing /home/user/lab-osek/OSEK-GroupProject/erika/inc/ee_compiler.h...
Parsing file /home/user/lab-osek/OSEK-GroupProject/erika/inc/ee_compiler.h...
Preprocessing /home/user/lab-osek/OSEK-GroupProject/erika/inc/ee_compiler_cfg.h...
Parsing file /home/user/lab-osek/OSEK-GroupProject/erika/inc/ee_compiler_cfg.h...
Preprocessing /home/user/lab-osek/OSEK-GroupProject/erika/inc/ee_compiler_gcc.h...
Parsing file /home/user/lab-osek/OSEK-GroupProject/erika/inc/ee_compiler_gcc.h...
Preprocessing /home/user/lab-osek/OSEK-GroupProject/erika/inc/ee_conf.h...
Parsing file /home/user/lab-osek/OSEK-GroupProject/erika/inc/ee_conf.h...
Preprocessing /home/user/lab-osek/OSEK-GroupProject/erika/inc/ee_get_kernel_and_core.h...
Parsing file /home/user/lab-osek/OSEK-GroupProject/erika/inc/ee_get_kernel_and_core.h...
Preprocessing /home/user/lab-osek/OSEK-GroupProject/erika/inc/ee_hal.h...
Parsing file /home/user/lab-osek/OSEK-GroupProject/erika/inc/ee_hal.h...
Preprocessing /home/user/lab-osek/OSEK-GroupProject/erika/inc/ee_hal_internal_types.h...
Parsing file /home/user/lab-osek/OSEK-GroupProject/erika/inc/ee_hal_internal_types.h...
Preprocessing /home/user/lab-osek/OSEK-GroupProject/erika/inc/ee_kernel_types.h...
Parsing file /home/user/lab-osek/OSEK-GroupProject/erika/inc/ee_kernel_types.h...
Preprocessing /home/user/lab-osek/OSEK-GroupProject/erika/inc/ee_mcu_common_types.h...
Parsing file /home/user/lab-osek/OSEK-GroupProject/erika/inc/ee_mcu_common_types.h...
Preprocessing /home/user/lab-osek/OSEK-GroupProject/erika/inc/ee_oo_api_dynamic.h...
Parsing file /home/user/lab-osek/OSEK-GroupProject/erika/inc/ee_oo_api_dynamic.h...
Preprocessing /home/user/lab-osek/OSEK-GroupProject/erika/inc/ee_oo_api_extension.h...
Parsing file /home/user/lab-osek/OSEK-GroupProject/erika/inc/ee_oo_api_extension.h...
Preprocessing /home/user/lab-osek/OSEK-GroupProject/erika/inc/ee_oo_api_osek.h...
Parsing file /home/user/lab-osek/OSEK-GroupProject/erika/inc/ee_oo_api_osek.h...
Preprocessing /home/user/lab-osek/OSEK-GroupProject/erika/inc/ee_oscfg.h...
Parsing file /home/user/lab-osek/OSEK-GroupProject/erika/inc/ee_oscfg.h...
Preprocessing /home/user/lab-osek/OSEK-GroupProject/erika/inc/ee_platform_types.h...
Parsing file /home/user/lab-osek/OSEK-GroupProject/erika/inc/ee_platform_types.h...
Preprocessing /home/user/lab-osek/OSEK-GroupProject/erika/inc/ee_scheduler_types.h...
Parsing file /home/user/lab-osek/OSEK-GroupProject/erika/inc/ee_scheduler_types.h...
Preprocessing /home/user/lab-osek/OSEK-GroupProject/erika/inc/ee_utils.h...
Parsing file /home/user/lab-osek/OSEK-GroupProject/erika/inc/ee_utils.h...
Building group list...
Building directory list...
Building namespace list...
Building file list...
Building class list...
Associating documentation with classes...
Computing nesting relations for classes...
Building example list...
Searching for enumerations...
Searching for documented typedefs...
Searching for members imported via using declarations...
Searching for included using directives...
Searching for documented variables...
Building interface member list...
Building member list...
Searching for friends...
Searching for documented defines...
Computing class inheritance relations...
Computing class usage relations...
Flushing cached template relations that have become invalid...
Creating members for template instances...
Computing class relations...
Add enum values to enums...
Searching for member function documentation...
Building page list...
Search for main page...
Computing page relations...
Determining the scope of groups...
Sorting lists...
Freeing entry tree
Determining which enums are documented
Computing member relations...
Building full member lists recursively...
Adding members to member groups.
Computing member references...
Inheriting documentation...
Generating disk names...
Adding source references...
Adding xrefitems...
Sorting member lists...
Computing dependencies between directories...
Generating citations page...
Counting data structures...
Resolving user defined references...
Finding anchors and sections in the documentation...
Transferring function references...
Combining using relations...
Adding members to index pages...
Generating style sheet...
Generating search indices...
Generating example documentation...
Generating file sources...
Parsing code for file inc/ee.h...
Parsing code for file inc/ee_api.h...
Parsing code for file inc/ee_api_types.h...
Parsing code for file inc/ee_arch_compiler_gcc.h...
Parsing code for file inc/ee_avr8_compiler.h...
Parsing code for file inc/ee_avr8_irq.h...
Parsing code for file inc/ee_avr8_irqstub.h...
Parsing code for file inc/ee_avr8_utils.h...
Parsing code for file inc/ee_cfg.h...
Parsing code for file inc/ee_compiler.h...
Parsing code for file inc/ee_compiler_cfg.h...
Parsing code for file inc/ee_compiler_gcc.h...
Parsing code for file inc/ee_conf.h...
Parsing code for file inc/ee_get_kernel_and_core.h...
Parsing code for file inc/ee_hal.h...
Parsing code for file inc/ee_hal_internal_types.h...
Parsing code for file inc/ee_kernel_types.h...
Parsing code for file inc/ee_mcu_common_types.h...
Parsing code for file inc/ee_oo_api_dynamic.h...
Parsing code for file inc/ee_oo_api_extension.h...
Parsing code for file inc/ee_oo_api_osek.h...
Parsing code for file inc/ee_oscfg.h...
Parsing code for file inc/ee_platform_types.h...
Parsing code for file inc/ee_scheduler_types.h...
Parsing code for file inc/ee_utils.h...
Generating file documentation...
Generating docs for file inc/ee.h...
Generating docs for file inc/ee_api.h...
Generating docs for file inc/ee_api_types.h...
Generating docs for file inc/ee_arch_compiler_gcc.h...
Generating docs for file inc/ee_avr8_compiler.h...
Generating docs for file inc/ee_avr8_irq.h...
Generating docs for file inc/ee_avr8_irqstub.h...
Generating docs for file inc/ee_avr8_utils.h...
Generating docs for file inc/ee_cfg.h...
Generating docs for file inc/ee_compiler.h...
Generating docs for file inc/ee_compiler_cfg.h...
Generating docs for file inc/ee_compiler_gcc.h...
Generating docs for file inc/ee_conf.h...
Generating docs for file inc/ee_get_kernel_and_core.h...
Generating docs for file inc/ee_hal.h...
Generating docs for file inc/ee_kernel_types.h...
Generating docs for file inc/ee_mcu_common_types.h...
Generating docs for file inc/ee_oo_api_dynamic.h...
Generating docs for file inc/ee_oo_api_extension.h...
Generating docs for file inc/ee_oo_api_osek.h...
Generating docs for file inc/ee_platform_types.h...
Generating docs for file inc/ee_scheduler_types.h...
Generating page documentation...
Generating group documentation...
Generating class documentation...
Generating namespace index...
Generating graph info page...
Generating directory documentation...
Generating index page...
Generating page index...
Generating module index...
Generating namespace index...
Generating namespace member index...
Generating annotated compound index...
Generating alphabetical compound index...
Generating hierarchical class index...
Generating member index...
Generating file index...
Generating file member index...
Generating example index...
finalizing index lists...
writing tag file...
lookup cache used 389/65536 hits=2864 misses=400
finished...
